[35m[Appium][39m Welcome to Appium v1.21.0
[35m[Appium][39m Non-default server args:
[35m[Appium][39m   port: 60240
[35m[Appium][39m   loglevel: info
[35m[Appium][39m   tmpDir: C:\Users\ASUS\AppData\Local\Temp\\Katalon\Appium\Temp1642561090803
[35m[Appium][39m   chromedriverPort: 60241
[35m[Appium][39m Deprecated server args:
[35m[Appium][39m   [31m--chromedriver-port[39m => --default-capabilities
[35m[Appium][39m Default capabilities, which will be added to each request unless overridden by desired capabilities:
[35m[Appium][39m   chromedriverPort: 60241
[35m[Appium][39m Appium REST http interface listener started on 0.0.0.0:60240
[35m[HTTP][39m [37m-->[39m [37mGET[39m [37m/wd/hub/status[39m
[35m[HTTP][39m [90m{}[39m
[35m[HTTP][39m [37m<-- GET /wd/hub/status [39m[32m200[39m [90m11 ms - 68[39m
[35m[HTTP][39m [90m[39m
[35m[HTTP][39m [37m-->[39m [37mGET[39m [37m/wd/hub/status[39m
[35m[HTTP][39m [90m{}[39m
[35m[HTTP][39m [37m<-- GET /wd/hub/status [39m[32m200[39m [90m2 ms - 68[39m
[35m[HTTP][39m [90m[39m
[35m[HTTP][39m [37m-->[39m [37mPOST[39m [37m/wd/hub/session[39m
[35m[HTTP][39m [90m{"desiredCapabilities":{"app":"C:\\Users\\ASUS\\Downloads\\Rumah Siap Kerja_2.0.21_apkcombo.com.apk","noReset":true,"deviceName":"emulator-5554 (ONEPLUS A3010 - Android 7.1.1)","fullReset":false,"platform":"ANDROID","newCommandTimeout":1800,"platformVersion":"7.1.1","automationName":"uiautomator2","autoGrantPermissions":true,"platformName":"Android","udid":"emulator-5554","systemPort":60254},"capabilities":{"firstMatch":[{"appium:app":"C:\\Users\\ASUS\\Downloads\\Rumah Siap Kerja_2.0.21_apkcombo.com.apk","appium:autoGrantPermissions":true,"appium:automationName":"uiautomator2","appium:deviceName":"emulator-5554 (ONEPLUS A3010 - Android 7.1.1)","appium:fullReset":false,"appium:newCommandTimeout":1800,"appium:noReset":true,"platform":"ANDROID","platformName":"android","appium:platformVersion":"7.1.1","appium:systemPort":60254,"appium:udid":"emulator-5554"}]}}[39m
[35m[BaseDriver][39m The following capabilities are not standard capabilities and should have an extension prefix:
[35m[BaseDriver][39m   platform
[35m[BaseDriver][39m   chromedriverPort
[35m[Appium][39m Appium v1.21.0 creating new AndroidUiautomator2Driver (v1.65.0) session
[35m[BaseDriver][39m The following capabilities were provided, but are not recognized by Appium:
[35m[BaseDriver][39m   platform
[35m[BaseDriver][39m Session created with session id: 68066bde-6351-4cae-880a-bc50e5b974f0
[35m[BaseDriver][39m Using local app 'C:\Users\ASUS\Downloads\Rumah Siap Kerja_2.0.21_apkcombo.com.apk'
[35m[ADB][39m Found 1 'build-tools' folders under 'C:\Users\ASUS\AppData\Local\Android\sdk' (newest first):
[35m[ADB][39m     C:/Users/ASUS/AppData/Local/Android/sdk/build-tools/29.0.2
[35m[ADB][39m Using 'adb.exe' from 'C:\Users\ASUS\AppData\Local\Android\sdk\platform-tools\adb.exe'
[35m[AndroidDriver][39m Retrieving device list
[35m[AndroidDriver][39m Using device: emulator-5554
[35m[ADB][39m Using 'adb.exe' from 'C:\Users\ASUS\AppData\Local\Android\sdk\platform-tools\adb.exe'
[35m[ADB][39m Package name: 'com.rumahsiapkerja'
[35m[ADB][39m Main activity name: 'com.rumahsiapkerja.MainActivity'
[35m[ADB][39m Using 'apksigner.jar' from 'C:\Users\ASUS\AppData\Local\Android\sdk\build-tools\29.0.2\lib\apksigner.jar'
[35m[ADB][39m 'C:\Users\ASUS\AppData\Roaming\npm\node_modules\appium\node_modules\appium-uiautomator2-server\apks\appium-uiautomator2-server-v4.21.1.apk' is signed with the default certificate
[35m[ADB][39m 'C:\Users\ASUS\AppData\Roaming\npm\node_modules\appium\node_modules\appium-uiautomator2-server\apks\appium-uiautomator2-server-debug-androidTest.apk' is signed with the default certificate
[35m[UiAutomator2][39m Server packages are not going to be (re)installed
[35m[ADB][39m Adding packages ["io.appium.settings","io.appium.uiautomator2.server","io.appium.uiautomator2.server.test"] to Doze whitelist
[35m[ADB][39m 'C:\Users\ASUS\Downloads\Rumah Siap Kerja_2.0.21_apkcombo.com.apk' is signed with a non-default certificate
[35m[UiAutomator2][39m Starting UIAutomator2 server 4.21.1
[35m[UiAutomator2][39m Using UIAutomator2 server from 'C:\Users\ASUS\AppData\Roaming\npm\node_modules\appium\node_modules\appium-uiautomator2-server\apks\appium-uiautomator2-server-v4.21.1.apk' and test from 'C:\Users\ASUS\AppData\Roaming\npm\node_modules\appium\node_modules\appium-uiautomator2-server\apks\appium-uiautomator2-server-debug-androidTest.apk'
[35m[UiAutomator2][39m Waiting up to 30000ms for UiAutomator2 to be online...
[35m[WD Proxy][39m socket hang up
[35m[WD Proxy][39m socket hang up
[35m[WD Proxy][39m Determined the downstream protocol as 'W3C'
[35m[AndroidDriver][39m Screen already unlocked, doing nothing
[35m[UiAutomator2][39m Starting 'com.rumahsiapkerja/com.rumahsiapkerja.MainActivity and waiting for 'com.rumahsiapkerja/com.rumahsiapkerja.MainActivity'
[35m[Appium][39m New AndroidUiautomator2Driver session created successfully, session 68066bde-6351-4cae-880a-bc50e5b974f0 added to master session list
[35m[HTTP][39m [37m<-- POST /wd/hub/session [39m[32m200[39m [90m12421 ms - 1321[39m
[35m[HTTP][39m [90m[39m
[35m[HTTP][39m [37m-->[39m [37mGET[39m [37m/wd/hub/session/68066bde-6351-4cae-880a-bc50e5b974f0[39m
[35m[HTTP][39m [90m{}[39m
[35m[HTTP][39m [37m<-- GET /wd/hub/session/68066bde-6351-4cae-880a-bc50e5b974f0 [39m[32m200[39m [90m13 ms - 1275[39m
[35m[HTTP][39m [90m[39m
[35m[HTTP][39m [37m-->[39m [37mGET[39m [37m/wd/hub/session/68066bde-6351-4cae-880a-bc50e5b974f0[39m
[35m[HTTP][39m [90m{}[39m
[35m[HTTP][39m [37m<-- GET /wd/hub/session/68066bde-6351-4cae-880a-bc50e5b974f0 [39m[32m200[39m [90m13 ms - 1275[39m
[35m[HTTP][39m [90m[39m
[35m[HTTP][39m [37m-->[39m [37mGET[39m [37m/wd/hub/status[39m
[35m[HTTP][39m [90m{}[39m
[35m[HTTP][39m [37m<-- GET /wd/hub/status [39m[32m200[39m [90m1 ms - 68[39m
[35m[HTTP][39m [90m[39m
[35m[HTTP][39m [37m-->[39m [37mPOST[39m [37m/wd/hub/session/68066bde-6351-4cae-880a-bc50e5b974f0/timeouts[39m
[35m[HTTP][39m [90m{"implicit":60000}[39m
[35m[HTTP][39m [37m<-- POST /wd/hub/session/68066bde-6351-4cae-880a-bc50e5b974f0/timeouts [39m[32m200[39m [90m6 ms - 14[39m
[35m[HTTP][39m [90m[39m
[35m[HTTP][39m [37m-->[39m [37mGET[39m [37m/wd/hub/session/68066bde-6351-4cae-880a-bc50e5b974f0/source[39m
[35m[HTTP][39m [90m{}[39m
[35m[W3C (68066bde)][39m Driver proxy active, passing request on via HTTP proxy
[35m[WD Proxy][39m Replacing sessionId 79c83317-2db0-4b1b-8977-e637b53a4f52 with 68066bde-6351-4cae-880a-bc50e5b974f0
[35m[HTTP][39m [37m<-- GET /wd/hub/session/68066bde-6351-4cae-880a-bc50e5b974f0/source [39m[32m200[39m [90m43 ms - 2755[39m
[35m[HTTP][39m [90m[39m
[35m[HTTP][39m [37m-->[39m [37mGET[39m [37m/wd/hub/session/68066bde-6351-4cae-880a-bc50e5b974f0/screenshot[39m
[35m[HTTP][39m [90m{}[39m
[35m[HTTP][39m [37m<-- GET /wd/hub/session/68066bde-6351-4cae-880a-bc50e5b974f0/screenshot [39m[32m200[39m [90m293 ms - 14878[39m
[35m[HTTP][39m [90m[39m
[35m[HTTP][39m [37m-->[39m [37mGET[39m [37m/wd/hub/session/68066bde-6351-4cae-880a-bc50e5b974f0/source[39m
[35m[HTTP][39m [90m{}[39m
[35m[W3C (68066bde)][39m Driver proxy active, passing request on via HTTP proxy
[35m[WD Proxy][39m Replacing sessionId 79c83317-2db0-4b1b-8977-e637b53a4f52 with 68066bde-6351-4cae-880a-bc50e5b974f0
[35m[HTTP][39m [37m<-- GET /wd/hub/session/68066bde-6351-4cae-880a-bc50e5b974f0/source [39m[32m200[39m [90m73 ms - 13025[39m
[35m[HTTP][39m [90m[39m
[35m[HTTP][39m [37m-->[39m [37mGET[39m [37m/wd/hub/session/68066bde-6351-4cae-880a-bc50e5b974f0/screenshot[39m
[35m[HTTP][39m [90m{}[39m
[35m[HTTP][39m [37m<-- GET /wd/hub/session/68066bde-6351-4cae-880a-bc50e5b974f0/screenshot [39m[32m200[39m [90m1026 ms - 1584238[39m
[35m[HTTP][39m [90m[39m
[35m[HTTP][39m [37m-->[39m [37mDELETE[39m [37m/wd/hub/session/68066bde-6351-4cae-880a-bc50e5b974f0[39m
[35m[HTTP][39m [90m{}[39m
[35m[Appium][39m Removing session 68066bde-6351-4cae-880a-bc50e5b974f0 from our master session list
[35m[UiAutomator2][39m Did not get confirmation UiAutomator2 deleteSession worked; Error was: UnknownError: An unknown server-side error occurred while processing the command. Original error: 'DELETE /' cannot be proxied to UiAutomator2 server because the instrumentation process is not running (probably crashed). Check the server log and/or the logcat output for more details
[35m[UiAutomator2][39m Unable to force stop app: Error executing adbExec. Original error: 'Command 'C:\\Users\\ASUS\\AppData\\Local\\Android\\sdk\\platform-tools\\adb.exe -P 5037 -s emulator-5554 shell am force-stop com.rumahsiapkerja' exited with code 1'; Stderr: 'adb.exe: device 'emulator-5554' not found'; Code: '1'
[35m[ADB][39m Error sending command, reconnecting device and retrying: forward,--remove,tcp:60254
[35m[UiAutomator2][39m Unable to remove system port forward: Error executing adbExec. Original error: 'Command 'C:\\Users\\ASUS\\AppData\\Local\\Android\\sdk\\platform-tools\\adb.exe -P 5037 -s emulator-5554 forward --remove tcp\:60254' exited with code 1'; Stderr: 'adb.exe: error: device 'emulator-5554' not found'; Code: '1'
[35m[HTTP][39m [37m<-- DELETE /wd/hub/session/68066bde-6351-4cae-880a-bc50e5b974f0 [39m[32m200[39m [90m1299 ms - 14[39m
[35m[HTTP][39m [90m[39m
